<?xml version="1.0" encoding="UTF-8"?>
<testsuites name="jest tests" tests="47" failures="0" errors="0" time="12.646">
  <testsuite name="testing correct behaviour of &lt;Modal /&gt;" errors="0" failures="0" skipped="0" timestamp="2022-08-21T14:21:42" time="10.589" tests="6">
    <testcase classname="testing correct behaviour of &lt;Modal /&gt; component &lt;Modal /&gt; should render" name="testing correct behaviour of &lt;Modal /&gt; component &lt;Modal /&gt; should render" time="0.031">
    </testcase>
    <testcase classname="testing correct behaviour of &lt;Modal /&gt; component &lt;Modal /&gt; should have text with value test text" name="testing correct behaviour of &lt;Modal /&gt; component &lt;Modal /&gt; should have text with value test text" time="0.007">
    </testcase>
    <testcase classname="testing correct behaviour of &lt;Modal /&gt; component &lt;Modal /&gt; should have text with value Modal Heading" name="testing correct behaviour of &lt;Modal /&gt; component &lt;Modal /&gt; should have text with value Modal Heading" time="0.011">
    </testcase>
    <testcase classname="testing correct behaviour of &lt;Modal /&gt; component &lt;Alerts /&gt; should have prop background:lime" name="testing correct behaviour of &lt;Modal /&gt; component &lt;Alerts /&gt; should have prop background:lime" time="0.007">
    </testcase>
    <testcase classname="testing correct behaviour of &lt;Modal /&gt; component &lt;Alerts /&gt; should have prop h:20%" name="testing correct behaviour of &lt;Modal /&gt; component &lt;Alerts /&gt; should have prop h:20%" time="0.007">
    </testcase>
    <testcase classname="testing correct behaviour of &lt;Modal /&gt; component &lt;Modal /&gt; should match snapshot" name="testing correct behaviour of &lt;Modal /&gt; component &lt;Modal /&gt; should match snapshot" time="0.032">
    </testcase>
  </testsuite>
  <testsuite name="testing correct behaviour of &lt;HamburgerMenu /&gt;" errors="0" failures="0" skipped="0" timestamp="2022-08-21T14:21:42" time="10.605" tests="4">
    <testcase classname="testing correct behaviour of &lt;HamburgerMenu /&gt; component &lt;HamburgerMenu /&gt; should render" name="testing correct behaviour of &lt;HamburgerMenu /&gt; component &lt;HamburgerMenu /&gt; should render" time="0.04">
    </testcase>
    <testcase classname="testing correct behaviour of &lt;HamburgerMenu /&gt; component &lt;HamburgerMenu /&gt; should have prop background:lime" name="testing correct behaviour of &lt;HamburgerMenu /&gt; component &lt;HamburgerMenu /&gt; should have prop background:lime" time="0.012">
    </testcase>
    <testcase classname="testing correct behaviour of &lt;HamburgerMenu /&gt; component &lt;HamburgerMenu /&gt; should have prop h:20%" name="testing correct behaviour of &lt;HamburgerMenu /&gt; component &lt;HamburgerMenu /&gt; should have prop h:20%" time="0.008">
    </testcase>
    <testcase classname="testing correct behaviour of &lt;HamburgerMenu /&gt; component &lt;HamburgerMenu /&gt; should match snapshot" name="testing correct behaviour of &lt;HamburgerMenu /&gt; component &lt;HamburgerMenu /&gt; should match snapshot" time="0.011">
    </testcase>
  </testsuite>
  <testsuite name="testing correct behaviour of &lt;Alerts /&gt;" errors="0" failures="0" skipped="0" timestamp="2022-08-21T14:21:42" time="10.667" tests="15">
    <testcase classname="testing correct behaviour of &lt;Alerts /&gt; component &lt;Alerts /&gt; should have prop(status) with value success" name="testing correct behaviour of &lt;Alerts /&gt; component &lt;Alerts /&gt; should have prop(status) with value success" time="0.04">
    </testcase>
    <testcase classname="testing correct behaviour of &lt;Alerts /&gt; component &lt;Alerts /&gt; should have prop(status) with value info" name="testing correct behaviour of &lt;Alerts /&gt; component &lt;Alerts /&gt; should have prop(status) with value info" time="0.009">
    </testcase>
    <testcase classname="testing correct behaviour of &lt;Alerts /&gt; component &lt;Alerts /&gt; should have prop(status) with value warning" name="testing correct behaviour of &lt;Alerts /&gt; component &lt;Alerts /&gt; should have prop(status) with value warning" time="0.01">
    </testcase>
    <testcase classname="testing correct behaviour of &lt;Alerts /&gt; component &lt;Alerts /&gt; should have prop(status) with value error" name="testing correct behaviour of &lt;Alerts /&gt; component &lt;Alerts /&gt; should have prop(status) with value error" time="0.008">
    </testcase>
    <testcase classname="testing correct behaviour of &lt;Alerts /&gt; component &lt;Alerts /&gt; should render" name="testing correct behaviour of &lt;Alerts /&gt; component &lt;Alerts /&gt; should render" time="0.008">
    </testcase>
    <testcase classname="testing correct behaviour of &lt;Alerts /&gt; component &lt;Alerts /&gt; should have prop(status) with value success" name="testing correct behaviour of &lt;Alerts /&gt; component &lt;Alerts /&gt; should have prop(status) with value success" time="0.009">
    </testcase>
    <testcase classname="testing correct behaviour of &lt;Alerts /&gt; component &lt;Alerts /&gt; should have text with value test message" name="testing correct behaviour of &lt;Alerts /&gt; component &lt;Alerts /&gt; should have text with value test message" time="0.009">
    </testcase>
    <testcase classname="testing correct behaviour of &lt;Alerts /&gt; component &lt;Alerts /&gt; should have prop pos:absolute" name="testing correct behaviour of &lt;Alerts /&gt; component &lt;Alerts /&gt; should have prop pos:absolute" time="0.008">
    </testcase>
    <testcase classname="testing correct behaviour of &lt;Alerts /&gt; component &lt;Alerts /&gt; should have prop w:60%" name="testing correct behaviour of &lt;Alerts /&gt; component &lt;Alerts /&gt; should have prop w:60%" time="0.014">
    </testcase>
    <testcase classname="testing correct behaviour of &lt;Alerts /&gt; component &lt;Alerts /&gt; should have prop transform:translate(50%,-600%)" name="testing correct behaviour of &lt;Alerts /&gt; component &lt;Alerts /&gt; should have prop transform:translate(50%,-600%)" time="0.011">
    </testcase>
    <testcase classname="testing correct behaviour of &lt;Alerts /&gt; component &lt;Alerts /&gt; should have prop top:50%" name="testing correct behaviour of &lt;Alerts /&gt; component &lt;Alerts /&gt; should have prop top:50%" time="0.015">
    </testcase>
    <testcase classname="testing correct behaviour of &lt;Alerts /&gt; component &lt;Alerts /&gt; should have prop right:50%" name="testing correct behaviour of &lt;Alerts /&gt; component &lt;Alerts /&gt; should have prop right:50%" time="0.005">
    </testcase>
    <testcase classname="testing correct behaviour of &lt;Alerts /&gt; component &lt;Alerts /&gt; should have prop h:20%" name="testing correct behaviour of &lt;Alerts /&gt; component &lt;Alerts /&gt; should have prop h:20%" time="0.007">
    </testcase>
    <testcase classname="testing correct behaviour of &lt;Alerts /&gt; component &lt;Alerts /&gt; should have prop background:lime" name="testing correct behaviour of &lt;Alerts /&gt; component &lt;Alerts /&gt; should have prop background:lime" time="0.007">
    </testcase>
    <testcase classname="testing correct behaviour of &lt;Alerts /&gt; component &lt;Alerts /&gt; should match snapshot" name="testing correct behaviour of &lt;Alerts /&gt; component &lt;Alerts /&gt; should match snapshot" time="0.012">
    </testcase>
  </testsuite>
  <testsuite name="testing correct behaviour of &lt;DefaultLink /&gt;" errors="0" failures="0" skipped="0" timestamp="2022-08-21T14:21:42" time="10.695" tests="9">
    <testcase classname="testing correct behaviour of &lt;DefaultLink /&gt; component &lt;DefaultLink /&gt; should render" name="testing correct behaviour of &lt;DefaultLink /&gt; component &lt;DefaultLink /&gt; should render" time="0.039">
    </testcase>
    <testcase classname="testing correct behaviour of &lt;DefaultLink /&gt; component &lt;DefaultLink /&gt; should have href with value http://go_to_home_page" name="testing correct behaviour of &lt;DefaultLink /&gt; component &lt;DefaultLink /&gt; should have href with value http://go_to_home_page" time="0.012">
    </testcase>
    <testcase classname="testing correct behaviour of &lt;DefaultLink /&gt; component &lt;DefaultLink /&gt; should have text with value HomePage" name="testing correct behaviour of &lt;DefaultLink /&gt; component &lt;DefaultLink /&gt; should have text with value HomePage" time="0.009">
    </testcase>
    <testcase classname="testing correct behaviour of &lt;DefaultLink /&gt; component &lt;DefaultLink /&gt; should have prop textAlign:center" name="testing correct behaviour of &lt;DefaultLink /&gt; component &lt;DefaultLink /&gt; should have prop textAlign:center" time="0.009">
    </testcase>
    <testcase classname="testing correct behaviour of &lt;DefaultLink /&gt; component &lt;DefaultLink /&gt; should have prop w:full" name="testing correct behaviour of &lt;DefaultLink /&gt; component &lt;DefaultLink /&gt; should have prop w:full" time="0.015">
    </testcase>
    <testcase classname="testing correct behaviour of &lt;DefaultLink /&gt; component &lt;DefaultLink /&gt; should have prop color:blue.500" name="testing correct behaviour of &lt;DefaultLink /&gt; component &lt;DefaultLink /&gt; should have prop color:blue.500" time="0.007">
    </testcase>
    <testcase classname="testing correct behaviour of &lt;DefaultLink /&gt; component &lt;DefaultLink /&gt; should have prop fontWeight:bold" name="testing correct behaviour of &lt;DefaultLink /&gt; component &lt;DefaultLink /&gt; should have prop fontWeight:bold" time="0.007">
    </testcase>
    <testcase classname="testing correct behaviour of &lt;DefaultLink /&gt; component &lt;DefaultLink /&gt; should have prop href:#" name="testing correct behaviour of &lt;DefaultLink /&gt; component &lt;DefaultLink /&gt; should have prop href:#" time="0.008">
    </testcase>
    <testcase classname="testing correct behaviour of &lt;DefaultLink /&gt; component &lt;DefaultLink /&gt; should match snapshot" name="testing correct behaviour of &lt;DefaultLink /&gt; component &lt;DefaultLink /&gt; should match snapshot" time="0.01">
    </testcase>
  </testsuite>
  <testsuite name="" errors="0" failures="0" skipped="0" timestamp="2022-08-21T14:21:42" time="10.686" tests="13">
    <testcase classname=" component &lt;FormWrapper /&gt; should render" name=" component &lt;FormWrapper /&gt; should render" time="0.028">
    </testcase>
    <testcase classname=" component &lt;FormWrapper /&gt; children should render" name=" component &lt;FormWrapper /&gt; children should render" time="0.013">
    </testcase>
    <testcase classname=" component &lt;FormWrapper /&gt; heading value should be Register" name=" component &lt;FormWrapper /&gt; heading value should be Register" time="0.011">
    </testcase>
    <testcase classname=" component &lt;FormWrapper /&gt; heading value should be Login" name=" component &lt;FormWrapper /&gt; heading value should be Login" time="0.01">
    </testcase>
    <testcase classname=" component &lt;FormWrapper /&gt; should have prop h:100vh" name=" component &lt;FormWrapper /&gt; should have prop h:100vh" time="0.01">
    </testcase>
    <testcase classname=" component &lt;FormWrapper /&gt; should have prop flexDir:column" name=" component &lt;FormWrapper /&gt; should have prop flexDir:column" time="0.015">
    </testcase>
    <testcase classname=" component &lt;FormWrapper /&gt; should have prop alignItems:center" name=" component &lt;FormWrapper /&gt; should have prop alignItems:center" time="0.006">
    </testcase>
    <testcase classname=" component &lt;FormWrapper /&gt; should have prop justifyContent:center" name=" component &lt;FormWrapper /&gt; should have prop justifyContent:center" time="0.008">
    </testcase>
    <testcase classname=" component &lt;FormWrapper /&gt; should have prop pos:relative" name=" component &lt;FormWrapper /&gt; should have prop pos:relative" time="0.013">
    </testcase>
    <testcase classname=" component &lt;FormWrapper /&gt; should have prop zIndex:101" name=" component &lt;FormWrapper /&gt; should have prop zIndex:101" time="0.011">
    </testcase>
    <testcase classname=" component &lt;FormWrapper /&gt; should have prop color:red" name=" component &lt;FormWrapper /&gt; should have prop color:red" time="0.007">
    </testcase>
    <testcase classname=" component &lt;FormWrapper /&gt; should have prop paddingBlock:0.5rem" name=" component &lt;FormWrapper /&gt; should have prop paddingBlock:0.5rem" time="0.006">
    </testcase>
    <testcase classname=" component &lt;FormWrapper /&gt; should match snapshot" name=" component &lt;FormWrapper /&gt; should match snapshot" time="0.112">
    </testcase>
  </testsuite>
</testsuites>